BUILD: Computing Include file dependencies:
BUILD: Examining c:\users\administrator\documents\nocheat\nocheat\nocheat_driver directory for files to compile.
1>Compiling and Linking c:\users\administrator\documents\nocheat\nocheat\nocheat_driver *************
1>'nmake.exe /nologo BUILDMSG=Stop. -i BUILD_PASS=PASS2 LINKONLY=1 NOPASS0=1 MAKEDIR_RELATIVE_TO_BASEDIR='
1>c:\users\administrator\documents\nocheat\nocheat\nocheat_driver: TARGETPATH is obj
1> link.exe /out:c:\users\administrator\documents\nocheat\nocheat\nocheat_driver\objfre_wlh_ia64\ia64\ncDriver.sys /machine:ia64 @c:\users\administrator\documents\nocheat\nocheat\nocheat_driver\objfre_wlh_ia64\ia64\lnk.rsp
1>Microsoft (R) Incremental Linker Version 9.00.30729.207
1>Copyright (C) Microsoft Corporation.  All rights reserved.
1>/MERGE:_PAGE=PAGE 
1>/MERGE:_TEXT=.text 
1>/SECTION:INIT,d 
1>/OPT:REF 
1>/OPT:ICF 
1>/IGNORE:4198,4010,4037,4039,4065,4070,4078,4087,4089,4221,4108,4088,4218,4218,4235 
1>/INCREMENTAL:NO 
1>/release 
1>/NODEFAULTLIB 
1>/WX 
1>/debug 
1>/debugtype:cv,fixup,pdata 
1>/version:6.1 
1>/osversion:6.1 
1>/debugtype:pdata 
1>/pdbcompress 
1>/STACK:0x40000,0x1000 
1>/driver 
1>/base:0x10000 
1>/subsystem:native,6.00 
1>/entry:GsDriverEntry 
1>/out:c:\users\administrator\documents\nocheat\nocheat\nocheat_driver\objfre_wlh_ia64\ia64\ncDriver.sys 
1>c:\users\administrator\documents\nocheat\nocheat\nocheat_driver\objfre_wlh_ia64\ia64\ncdriver.obj 
1>C:\WinDDK\7600.16385.1\lib\wlh\ia64\BufferOverflowK.lib 
1>C:\WinDDK\7600.16385.1\lib\wlh\ia64\ntoskrnl.lib 
1>C:\WinDDK\7600.16385.1\lib\wlh\ia64\hal.lib 
1>C:\WinDDK\7600.16385.1\lib\wlh\ia64\wmilib.lib 
1>ncdriver.obj : MSIL .netmodule or module compiled with /GL found; restarting link with /LTCG; add /LTCG to the link command line to improve linker performance
1>Microsoft (R) Incremental Linker Version 9.00.30729.207
1>Copyright (C) Microsoft Corporation.  All rights reserved.
1>/MERGE:_PAGE=PAGE 
1>/MERGE:_TEXT=.text 
1>/SECTION:INIT,d 
1>/OPT:REF 
1>/OPT:ICF 
1>/IGNORE:4198,4010,4037,4039,4065,4070,4078,4087,4089,4221,4108,4088,4218,4218,4235 
1>/INCREMENTAL:NO 
1>/release 
1>/NODEFAULTLIB 
1>/WX 
1>/debug 
1>/debugtype:cv,fixup,pdata 
1>/version:6.1 
1>/osversion:6.1 
1>/debugtype:pdata 
1>/pdbcompress 
1>/STACK:0x40000,0x1000 
1>/driver 
1>/base:0x10000 
1>/subsystem:native,6.00 
1>/entry:GsDriverEntry 
1>/out:c:\users\administrator\documents\nocheat\nocheat\nocheat_driver\objfre_wlh_ia64\ia64\ncDriver.sys 
1>c:\users\administrator\documents\nocheat\nocheat\nocheat_driver\objfre_wlh_ia64\ia64\ncdriver.obj 
1>C:\WinDDK\7600.16385.1\lib\wlh\ia64\BufferOverflowK.lib 
1>C:\WinDDK\7600.16385.1\lib\wlh\ia64\ntoskrnl.lib 
1>C:\WinDDK\7600.16385.1\lib\wlh\ia64\hal.lib 
1>C:\WinDDK\7600.16385.1\lib\wlh\ia64\wmilib.lib 
1>Generating code
1>Finished generating code
