1>errors in directory c:\users\administrator\documents\nocheat\nocheat\nocheat_driver
1>c:\users\administrator\documents\nocheat\nocheat\nocheat_driver\ncdriver.c(27) : error C2485: 'naked' : unrecognized extended attribute
1>c:\users\administrator\documents\nocheat\nocheat\nocheat_driver\ncdriver.c(30) : error C4235: nonstandard extension used : '__asm' keyword not supported on this architecture
1>c:\users\administrator\documents\nocheat\nocheat\nocheat_driver\ncdriver.c(34) : error C2065: 'pushfd' : undeclared identifier
1>c:\users\administrator\documents\nocheat\nocheat\nocheat_driver\ncdriver.c(34) : error C2146: syntax error : missing ';' before identifier 'pushad'
1>c:\users\administrator\documents\nocheat\nocheat\nocheat_driver\ncdriver.c(35) : error C2065: 'pushad' : undeclared identifier
1>c:\users\administrator\documents\nocheat\nocheat\nocheat_driver\ncdriver.c(35) : error C2146: syntax error : missing ';' before identifier 'mov'
1>c:\users\administrator\documents\nocheat\nocheat\nocheat_driver\ncdriver.c(35) : error C2065: 'mov' : undeclared identifier
1>c:\users\administrator\documents\nocheat\nocheat\nocheat_driver\ncdriver.c(35) : error C2146: syntax error : missing ';' before identifier 'ebx'
1>c:\users\administrator\documents\nocheat\nocheat\nocheat_driver\ncdriver.c(35) : error C2065: 'ebx' : undeclared identifier
1>c:\users\administrator\documents\nocheat\nocheat\nocheat_driver\ncdriver.c(36) : error C2065: 'esp' : undeclared identifier
1>c:\users\administrator\documents\nocheat\nocheat\nocheat_driver\ncdriver.c(36) : error C2146: syntax error : missing ';' before identifier 'add'
1>c:\users\administrator\documents\nocheat\nocheat\nocheat_driver\ncdriver.c(36) : error C2065: 'add' : undeclared identifier
1>c:\users\administrator\documents\nocheat\nocheat\nocheat_driver\ncdriver.c(36) : error C2146: syntax error : missing ';' before identifier 'ebx'
1>c:\users\administrator\documents\nocheat\nocheat\nocheat_driver\ncdriver.c(36) : error C2065: 'ebx' : undeclared identifier
1>c:\users\administrator\documents\nocheat\nocheat\nocheat_driver\ncdriver.c(37) : error C2146: syntax error : missing ';' before identifier 'push'
1>c:\users\administrator\documents\nocheat\nocheat\nocheat_driver\ncdriver.c(37) : error C2065: 'push' : undeclared identifier
1>c:\users\administrator\documents\nocheat\nocheat\nocheat_driver\ncdriver.c(37) : error C2146: syntax error : missing ';' before identifier 'ebx'
1>c:\users\administrator\documents\nocheat\nocheat\nocheat_driver\ncdriver.c(38) : error C2065: 'ebx' : undeclared identifier
1>c:\users\administrator\documents\nocheat\nocheat\nocheat_driver\ncdriver.c(38) : error C2146: syntax error : missing ';' before identifier 'call'
1>c:\users\administrator\documents\nocheat\nocheat\nocheat_driver\ncdriver.c(38) : error C2065: 'call' : undeclared identifier
1>c:\users\administrator\documents\nocheat\nocheat\nocheat_driver\ncdriver.c(38) : error C2146: syntax error : missing ';' before identifier 'check'
1>c:\users\administrator\documents\nocheat\nocheat\nocheat_driver\ncdriver.c(41) : error C2146: syntax error : missing ';' before identifier 'popad'
1>c:\users\administrator\documents\nocheat\nocheat\nocheat_driver\ncdriver.c(42) : error C2065: 'popad' : undeclared identifier
1>c:\users\administrator\documents\nocheat\nocheat\nocheat_driver\ncdriver.c(42) : error C2146: syntax error : missing ';' before identifier 'popfd'
1>c:\users\administrator\documents\nocheat\nocheat\nocheat_driver\ncdriver.c(43) : error C2065: 'popfd' : undeclared identifier
1>c:\users\administrator\documents\nocheat\nocheat\nocheat_driver\ncdriver.c(43) : error C2146: syntax error : missing ';' before identifier 'jmp'
1>c:\users\administrator\documents\nocheat\nocheat\nocheat_driver\ncdriver.c(43) : error C2065: 'jmp' : undeclared identifier
1>c:\users\administrator\documents\nocheat\nocheat\nocheat_driver\ncdriver.c(43) : error C2146: syntax error : missing ';' before identifier 'RealCallee'
1>c:\users\administrator\documents\nocheat\nocheat\nocheat_driver\ncdriver.c(44) : error C2143: syntax error : missing ';' before '}'
1>c:\users\administrator\documents\nocheat\nocheat\nocheat_driver\ncdriver.c(68) : error C4235: nonstandard extension used : '_asm' keyword not supported on this architecture
1>c:\users\administrator\documents\nocheat\nocheat\nocheat_driver\ncdriver.c(70) : error C2065: 'mov' : undeclared identifier
1>c:\users\administrator\documents\nocheat\nocheat\nocheat_driver\ncdriver.c(70) : error C2146: syntax error : missing ';' before identifier 'eax'
1>c:\users\administrator\documents\nocheat\nocheat\nocheat_driver\ncdriver.c(70) : error C2065: 'eax' : undeclared identifier
1>c:\users\administrator\documents\nocheat\nocheat\nocheat_driver\ncdriver.c(71) : error C2146: syntax error : missing ';' before identifier 'mov'
1>c:\users\administrator\documents\nocheat\nocheat\nocheat_driver\ncdriver.c(71) : error C2065: 'mov' : undeclared identifier
1>c:\users\administrator\documents\nocheat\nocheat\nocheat_driver\ncdriver.c(71) : error C2146: syntax error : missing ';' before identifier 'ebx'
1>c:\users\administrator\documents\nocheat\nocheat\nocheat_driver\ncdriver.c(71) : error C2065: 'ebx' : undeclared identifier
1>c:\users\administrator\documents\nocheat\nocheat\nocheat_driver\ncdriver.c(71) : error C2065: 'dword' : undeclared identifier
1>c:\users\administrator\documents\nocheat\nocheat\nocheat_driver\ncdriver.c(71) : error C2146: syntax error : missing ';' before identifier 'ptr'
1>c:\users\administrator\documents\nocheat\nocheat\nocheat_driver\ncdriver.c(71) : error C2065: 'ptr' : undeclared identifier
1>c:\users\administrator\documents\nocheat\nocheat\nocheat_driver\ncdriver.c(71) : error C2065: 'eax' : undeclared identifier
1>c:\users\administrator\documents\nocheat\nocheat\nocheat_driver\ncdriver.c(71) : error C2109: subscript requires array or pointer type
1>c:\users\administrator\documents\nocheat\nocheat\nocheat_driver\ncdriver.c(72) : error C2146: syntax error : missing ';' before identifier 'mov'
1>c:\users\administrator\documents\nocheat\nocheat\nocheat_driver\ncdriver.c(72) : error C2065: 'mov' : undeclared identifier
1>c:\users\administrator\documents\nocheat\nocheat\nocheat_driver\ncdriver.c(72) : error C2146: syntax error : missing ';' before identifier 'RealCallee'
1>c:\users\administrator\documents\nocheat\nocheat\nocheat_driver\ncdriver.c(73) : error C2065: 'ebx' : undeclared identifier
1>c:\users\administrator\documents\nocheat\nocheat\nocheat_driver\ncdriver.c(73) : error C2146: syntax error : missing ';' before identifier 'mov'
1>c:\users\administrator\documents\nocheat\nocheat\nocheat_driver\ncdriver.c(73) : error C2065: 'mov' : undeclared identifier
1>c:\users\administrator\documents\nocheat\nocheat\nocheat_driver\ncdriver.c(73) : error C2146: syntax error : missing ';' before identifier 'ebx'
1>c:\users\administrator\documents\nocheat\nocheat\nocheat_driver\ncdriver.c(73) : error C2065: 'ebx' : undeclared identifier
1>c:\users\administrator\documents\nocheat\nocheat\nocheat_driver\ncdriver.c(74) : error C2146: syntax error : missing ';' before identifier 'mov'
1>c:\users\administrator\documents\nocheat\nocheat\nocheat_driver\ncdriver.c(74) : error C2065: 'mov' : undeclared identifier
1>c:\users\administrator\documents\nocheat\nocheat\nocheat_driver\ncdriver.c(74) : error C2146: syntax error : missing ';' before identifier 'dword'
1>c:\users\administrator\documents\nocheat\nocheat\nocheat_driver\ncdriver.c(74) : error C2065: 'dword' : undeclared identifier
1>c:\users\administrator\documents\nocheat\nocheat\nocheat_driver\ncdriver.c(74) : error C2146: syntax error : missing ';' before identifier 'ptr'
1>c:\users\administrator\documents\nocheat\nocheat\nocheat_driver\ncdriver.c(74) : error C2065: 'ptr' : undeclared identifier
1>c:\users\administrator\documents\nocheat\nocheat\nocheat_driver\ncdriver.c(74) : error C2065: 'eax' : undeclared identifier
1>c:\users\administrator\documents\nocheat\nocheat\nocheat_driver\ncdriver.c(74) : error C2109: subscript requires array or pointer type
1>c:\users\administrator\documents\nocheat\nocheat\nocheat_driver\ncdriver.c(75) : error C2065: 'ebx' : undeclared identifier
1>c:\users\administrator\documents\nocheat\nocheat\nocheat_driver\ncdriver.c(75) : error C2143: syntax error : missing ';' before '}'
1>c:\users\administrator\documents\nocheat\nocheat\nocheat_driver\ncdriver.c(118) : error C4235: nonstandard extension used : '_asm' keyword not supported on this architecture
1>c:\users\administrator\documents\nocheat\nocheat\nocheat_driver\ncdriver.c(120) : error C2065: 'mov' : undeclared identifier
1>c:\users\administrator\documents\nocheat\nocheat\nocheat_driver\ncdriver.c(120) : error C2146: syntax error : missing ';' before identifier 'eax'
1>c:\users\administrator\documents\nocheat\nocheat\nocheat_driver\ncdriver.c(120) : error C2065: 'eax' : undeclared identifier
1>c:\users\administrator\documents\nocheat\nocheat\nocheat_driver\ncdriver.c(121) : error C2146: syntax error : missing ';' before identifier 'mov'
1>c:\users\administrator\documents\nocheat\nocheat\nocheat_driver\ncdriver.c(121) : error C2065: 'mov' : undeclared identifier
1>c:\users\administrator\documents\nocheat\nocheat\nocheat_driver\ncdriver.c(121) : error C2146: syntax error : missing ';' before identifier 'ebx'
1>c:\users\administrator\documents\nocheat\nocheat\nocheat_driver\ncdriver.c(121) : error C2065: 'ebx' : undeclared identifier
1>c:\users\administrator\documents\nocheat\nocheat\nocheat_driver\ncdriver.c(122) : error C2146: syntax error : missing ';' before identifier 'mov'
1>c:\users\administrator\documents\nocheat\nocheat\nocheat_driver\ncdriver.c(122) : error C2065: 'mov' : undeclared identifier
1>c:\users\administrator\documents\nocheat\nocheat\nocheat_driver\ncdriver.c(122) : error C2146: syntax error : missing ';' before identifier 'dword'
1>c:\users\administrator\documents\nocheat\nocheat\nocheat_driver\ncdriver.c(122) : error C2065: 'dword' : undeclared identifier
1>c:\users\administrator\documents\nocheat\nocheat\nocheat_driver\ncdriver.c(122) : error C2146: syntax error : missing ';' before identifier 'ptr'
1>c:\users\administrator\documents\nocheat\nocheat\nocheat_driver\ncdriver.c(122) : error C2065: 'ptr' : undeclared identifier
1>c:\users\administrator\documents\nocheat\nocheat\nocheat_driver\ncdriver.c(122) : error C2065: 'eax' : undeclared identifier
1>c:\users\administrator\documents\nocheat\nocheat\nocheat_driver\ncdriver.c(122) : error C2109: subscript requires array or pointer type
1>c:\users\administrator\documents\nocheat\nocheat\nocheat_driver\ncdriver.c(123) : error C2065: 'ebx' : undeclared identifier
1>c:\users\administrator\documents\nocheat\nocheat\nocheat_driver\ncdriver.c(123) : error C2143: syntax error : missing ';' before '}'
1>link : error LNK1181: cannot open input file 'c:\users\administrator\documents\nocheat\nocheat\nocheat_driver\objchk_win7_amd64\amd64\ncdriver.obj'
